# JRE version: Java(TM) SE Runtime Environment (8.0_201-b09) (build 1.8.0_201-b09)
# Java VM: Java HotSpot(TM) Client VM (25.201-b09 mixed mode windows-x86 )
Heap:
 def new generation   total 10112K, used 6493K [0x05600000, 0x060f0000, 0x0ab50000)
  eden space 9024K,  65% used [0x05600000, 0x05bc92c8, 0x05ed0000)
  from space 1088K,  52% used [0x05fe0000, 0x0606e258, 0x060f0000)
  to   space 1088K,   0% used [0x05ed0000, 0x05ed0000, 0x05fe0000)
 tenured generation   total 22316K, used 20694K [0x0ab50000, 0x0c11b000, 0x15600000)
   the space 22316K,  92% used [0x0ab50000, 0x0bf85b48, 0x0bf85c00, 0x0c11b000)
 Metaspace       used 28485K, capacity 29443K, committed 29696K, reserved 31104K
GC Heap History (10 events):
Event: 10.557 GC heap before
{Heap before GC invocations=98 (full 12):
 def new generation   total 10112K, used 9024K [0x05600000, 0x060f0000, 0x0ab50000)
  eden space 9024K, 100% used [0x05600000, 0x05ed0000, 0x05ed0000)
  from space 1088K,   0% used [0x05ed0000, 0x05ed0000, 0x05fe0000)
  to   space 1088K,   0% used [0x05fe0000, 0x05fe0000, 0x060f0000)
 tenured generation   total 22316K, used 22315K [0x0ab50000, 0x0c11b000, 0x15600000)
   the space 22316K,  99% used [0x0ab50000, 0x0c11afd8, 0x0c11b000, 0x0c11b000)
 Metaspace       used 26996K, capacity 27994K, committed 28160K, reserved 29056K
Event: 10.637 GC heap after
Heap after GC invocations=99 (full 13):
 def new generation   total 10112K, used 595K [0x05600000, 0x060f0000, 0x0ab50000)
  eden space 9024K,   6% used [0x05600000, 0x05694cf8, 0x05ed0000)
  from space 1088K,   0% used [0x05fe0000, 0x05fe0000, 0x060f0000)
  to   space 1088K,   0% used [0x05ed0000, 0x05ed0000, 0x05fe0000)
 tenured generation   total 22316K, used 22315K [0x0ab50000, 0x0c11b000, 0x15600000)
   the space 22316K,  99% used [0x0ab50000, 0x0c11afe8, 0x0c11b000, 0x0c11b000)
 Metaspace       used 26996K, capacity 27994K, committed 28160K, reserved 29056K
}
Event: 10.728 GC heap before
{Heap before GC invocations=99 (full 13):
 def new generation   total 10112K, used 8998K [0x05600000, 0x060f0000, 0x0ab50000)
  eden space 9024K,  99% used [0x05600000, 0x05ec99a0, 0x05ed0000)
  from space 1088K,   0% used [0x05fe0000, 0x05fe0000, 0x060f0000)
  to   space 1088K,   0% used [0x05ed0000, 0x05ed0000, 0x05fe0000)
 tenured generation   total 22316K, used 22315K [0x0ab50000, 0x0c11b000, 0x15600000)
   the space 22316K,  99% used [0x0ab50000, 0x0c11afe8, 0x0c11b000, 0x0c11b000)
 Metaspace       used 27343K, capacity 28349K, committed 28416K, reserved 31104K
Event: 10.803 GC heap after
Heap after GC invocations=100 (full 14):
 def new generation   total 10112K, used 1082K [0x05600000, 0x060f0000, 0x0ab50000)
  eden space 9024K,  11% used [0x05600000, 0x0570eb00, 0x05ed0000)
  from space 1088K,   0% used [0x05fe0000, 0x05fe0000, 0x060f0000)
  to   space 1088K,   0% used [0x05ed0000, 0x05ed0000, 0x05fe0000)
 tenured generation   total 22316K, used 22315K [0x0ab50000, 0x0c11b000, 0x15600000)
   the space 22316K,  99% used [0x0ab50000, 0x0c11afe8, 0x0c11b000, 0x0c11b000)
 Metaspace       used 27343K, capacity 28349K, committed 28416K, reserved 30080K
}
Event: 10.803 GC heap before
{Heap before GC invocations=100 (full 14):
 def new generation   total 10112K, used 1082K [0x05600000, 0x060f0000, 0x0ab50000)
  eden space 9024K,  11% used [0x05600000, 0x0570eb00, 0x05ed0000)
  from space 1088K,   0% used [0x05fe0000, 0x05fe0000, 0x060f0000)
  to   space 1088K,   0% used [0x05ed0000, 0x05ed0000, 0x05fe0000)
 tenured generation   total 22316K, used 22315K [0x0ab50000, 0x0c11b000, 0x15600000)
   the space 22316K,  99% used [0x0ab50000, 0x0c11afe8, 0x0c11b000, 0x0c11b000)
 Metaspace       used 27343K, capacity 28349K, committed 28416K, reserved 32128K
Event: 10.875 GC heap after
Heap after GC invocations=101 (full 15):
 def new generation   total 10112K, used 0K [0x05600000, 0x060f0000, 0x0ab50000)
  eden space 9024K,   0% used [0x05600000, 0x05600000, 0x05ed0000)
  from space 1088K,   0% used [0x05fe0000, 0x05fe0000, 0x060f0000)
  to   space 1088K,   0% used [0x05ed0000, 0x05ed0000, 0x05fe0000)
 tenured generation   total 22316K, used 20433K [0x0ab50000, 0x0c11b000, 0x15600000)
   the space 22316K,  91% used [0x0ab50000, 0x0bf44590, 0x0bf44600, 0x0c11b000)
 Metaspace       used 27260K, capacity 28239K, committed 28416K, reserved 30080K
}
Event: 10.974 GC heap before
{Heap before GC invocations=101 (full 15):
 def new generation   total 10112K, used 9024K [0x05600000, 0x060f0000, 0x0ab50000)
  eden space 9024K, 100% used [0x05600000, 0x05ed0000, 0x05ed0000)
  from space 1088K,   0% used [0x05fe0000, 0x05fe0000, 0x060f0000)
  to   space 1088K,   0% used [0x05ed0000, 0x05ed0000, 0x05fe0000)
 tenured generation   total 22316K, used 20433K [0x0ab50000, 0x0c11b000, 0x15600000)
   the space 22316K,  91% used [0x0ab50000, 0x0bf44590, 0x0bf44600, 0x0c11b000)
 Metaspace       used 28290K, capacity 29263K, committed 29440K, reserved 30080K
Event: 10.978 GC heap after
Heap after GC invocations=102 (full 15):
 def new generation   total 10112K, used 730K [0x05600000, 0x060f0000, 0x0ab50000)
  eden space 9024K,   0% used [0x05600000, 0x05600000, 0x05ed0000)
  from space 1088K,  67% used [0x05ed0000, 0x05f86868, 0x05fe0000)
  to   space 1088K,   0% used [0x05fe0000, 0x05fe0000, 0x060f0000)
 tenured generation   total 22316K, used 20433K [0x0ab50000, 0x0c11b000, 0x15600000)
   the space 22316K,  91% used [0x0ab50000, 0x0bf44590, 0x0bf44600, 0x0c11b000)
 Metaspace       used 28290K, capacity 29263K, committed 29440K, reserved 30080K
}
Event: 11.038 GC heap before
{Heap before GC invocations=102 (full 15):
 def new generation   total 10112K, used 9754K [0x05600000, 0x060f0000, 0x0ab50000)
  eden space 9024K, 100% used [0x05600000, 0x05ed0000, 0x05ed0000)
  from space 1088K,  67% used [0x05ed0000, 0x05f86868, 0x05fe0000)
  to   space 1088K,   0% used [0x05fe0000, 0x05fe0000, 0x060f0000)
 tenured generation   total 22316K, used 20433K [0x0ab50000, 0x0c11b000, 0x15600000)
   the space 22316K,  91% used [0x0ab50000, 0x0bf44590, 0x0bf44600, 0x0c11b000)
 Metaspace       used 28387K, capacity 29361K, committed 29568K, reserved 31104K
Event: 11.043 GC heap after
Heap after GC invocations=103 (full 15):
 def new generation   total 10112K, used 568K [0x05600000, 0x060f0000, 0x0ab50000)
  eden space 9024K,   0% used [0x05600000, 0x05600000, 0x05ed0000)
  from space 1088K,  52% used [0x05fe0000, 0x0606e258, 0x060f0000)
  to   space 1088K,   0% used [0x05ed0000, 0x05ed0000, 0x05fe0000)
 tenured generation   total 22316K, used 20694K [0x0ab50000, 0x0c11b000, 0x15600000)
   the space 22316K,  92% used [0x0ab50000, 0x0bf85b48, 0x0bf85c00, 0x0c11b000)
 Metaspace       used 28387K, capacity 29361K, committed 29568K, reserved 31104K
}

